# JRE version: OpenJDK Runtime Environment Temurin-21.0.11+10 (21.0.11+10) (build 21.0.11+10-LTS)
# Java VM: OpenJDK 64-Bit Server VM Temurin-21.0.11+10 (21.0.11+10-LTS, mixed mode, sharing, tiered, compressed oops, compressed class ptrs, g1 gc, windows-amd64)
GC Precious Log:
 CardTable entry size: 512
 Card Set container configuration: InlinePtr #cards 4 size 8 Array Of Cards #cards 16 size 48 Howl #buckets 8 coarsen threshold 3686 Howl Bitmap #cards 512 size 80 coarsen threshold 460 Card regions per heap region 1 cards per card region 4096
 CPUs: 12 total, 12 available
 Memory: 12059M
 Large Page Support: Disabled
 NUMA Support: Disabled
 Compressed Oops: Enabled (Zero based)
 Heap Region Size: 2M
 Heap Min Capacity: 8M
 Heap Initial Capacity: 190M
 Heap Max Capacity: 4G
 Pre-touch: Disabled
 Parallel Workers: 10
 Concurrent Workers: 3
 Concurrent Refinement Workers: 10
 Periodic GC: Disabled
Heap:
 garbage-first heap   total 589824K, used 489391K [0x0000000700000000, 0x0000000800000000)
  region size 2048K, 151 young (309248K), 6 survivors (12288K)
 Metaspace       used 127310K, committed 130176K, reserved 1179648K
  class space    used 17786K, committed 19136K, reserved 1048576K
GC Heap History (20 events):
Event: 14.962 GC heap before
{Heap before GC invocations=38 (full 0):
 garbage-first heap   total 215040K, used 193680K [0x0000000700000000, 0x0000000800000000)
  region size 2048K, 38 young (77824K), 4 survivors (8192K)
 Metaspace       used 106891K, committed 109312K, reserved 1179648K
  class space    used 15237K, committed 16448K, reserved 1048576K
}
Event: 14.973 GC heap after
{Heap after GC invocations=39 (full 0):
 garbage-first heap   total 215040K, used 137216K [0x0000000700000000, 0x0000000800000000)
  region size 2048K, 5 young (10240K), 5 survivors (10240K)
 Metaspace       used 106891K, committed 109312K, reserved 1179648K
  class space    used 15237K, committed 16448K, reserved 1048576K
}
Event: 15.103 GC heap before
{Heap before GC invocations=39 (full 0):
 garbage-first heap   total 215040K, used 194560K [0x0000000700000000, 0x0000000800000000)
  region size 2048K, 34 young (69632K), 5 survivors (10240K)
 Metaspace       used 106891K, committed 109312K, reserved 1179648K
  class space    used 15237K, committed 16448K, reserved 1048576K
}
Event: 15.110 GC heap after
{Heap after GC invocations=40 (full 0):
 garbage-first heap   total 215040K, used 138700K [0x0000000700000000, 0x0000000800000000)
  region size 2048K, 2 young (4096K), 2 survivors (4096K)
 Metaspace       used 106891K, committed 109312K, reserved 1179648K
  class space    used 15237K, committed 16448K, reserved 1048576K
}
Event: 15.569 GC heap before
{Heap before GC invocations=40 (full 0):
 garbage-first heap   total 215040K, used 196044K [0x0000000700000000, 0x0000000800000000)
  region size 2048K, 31 young (63488K), 2 survivors (4096K)
 Metaspace       used 108238K, committed 110720K, reserved 1179648K
  class space    used 15370K, committed 16576K, reserved 1048576K
}
Event: 15.579 GC heap after
{Heap after GC invocations=41 (full 0):
 garbage-first heap   total 215040K, used 151145K [0x0000000700000000, 0x0000000800000000)
  region size 2048K, 4 young (8192K), 4 survivors (8192K)
 Metaspace       used 108238K, committed 110720K, reserved 1179648K
  class space    used 15370K, committed 16576K, reserved 1048576K
}
Event: 15.719 GC heap before
{Heap before GC invocations=41 (full 0):
 garbage-first heap   total 215040K, used 194153K [0x0000000700000000, 0x0000000800000000)
  region size 2048K, 25 young (51200K), 4 survivors (8192K)
 Metaspace       used 108241K, committed 110720K, reserved 1179648K
  class space    used 15370K, committed 16576K, reserved 1048576K
}
Event: 15.726 GC heap after
{Heap after GC invocations=42 (full 0):
 garbage-first heap   total 276480K, used 154556K [0x0000000700000000, 0x0000000800000000)
  region size 2048K, 2 young (4096K), 2 survivors (4096K)
 Metaspace       used 108241K, committed 110720K, reserved 1179648K
  class space    used 15370K, committed 16576K, reserved 1048576K
}
Event: 16.256 GC heap before
{Heap before GC invocations=43 (full 0):
 garbage-first heap   total 276480K, used 244668K [0x0000000700000000, 0x0000000800000000)
  region size 2048K, 47 young (96256K), 2 survivors (4096K)
 Metaspace       used 108687K, committed 111168K, reserved 1179648K
  class space    used 15411K, committed 16640K, reserved 1048576K
}
Event: 16.265 GC heap after
{Heap after GC invocations=44 (full 0):
 garbage-first heap   total 276480K, used 162508K [0x0000000700000000, 0x0000000800000000)
  region size 2048K, 6 young (12288K), 6 survivors (12288K)
 Metaspace       used 108687K, committed 111168K, reserved 1179648K
  class space    used 15411K, committed 16640K, reserved 1048576K
}
Event: 16.611 GC heap before
{Heap before GC invocations=44 (full 0):
 garbage-first heap   total 276480K, used 244428K [0x0000000700000000, 0x0000000800000000)
  region size 2048K, 47 young (96256K), 6 survivors (12288K)
 Metaspace       used 108980K, committed 111424K, reserved 1179648K
  class space    used 15433K, committed 16640K, reserved 1048576K
}
Event: 16.627 GC heap after
{Heap after GC invocations=45 (full 0):
 garbage-first heap   total 276480K, used 166943K [0x0000000700000000, 0x0000000800000000)
  region size 2048K, 5 young (10240K), 5 survivors (10240K)
 Metaspace       used 108980K, committed 111424K, reserved 1179648K
  class space    used 15433K, committed 16640K, reserved 1048576K
}
Event: 17.015 GC heap before
{Heap before GC invocations=45 (full 0):
 garbage-first heap   total 276480K, used 246815K [0x0000000700000000, 0x0000000800000000)
  region size 2048K, 44 young (90112K), 5 survivors (10240K)
 Metaspace       used 109186K, committed 111616K, reserved 1179648K
  class space    used 15449K, committed 16640K, reserved 1048576K
}
Event: 17.025 GC heap after
{Heap after GC invocations=46 (full 0):
 garbage-first heap   total 276480K, used 173859K [0x0000000700000000, 0x0000000800000000)
  region size 2048K, 5 young (10240K), 5 survivors (10240K)
 Metaspace       used 109186K, committed 111616K, reserved 1179648K
  class space    used 15449K, committed 16640K, reserved 1048576K
}
Event: 17.312 GC heap before
{Heap before GC invocations=47 (full 0):
 garbage-first heap   total 294912K, used 245539K [0x0000000700000000, 0x0000000800000000)
  region size 2048K, 41 young (83968K), 5 survivors (10240K)
 Metaspace       used 109193K, committed 111680K, reserved 1179648K
  class space    used 15449K, committed 16640K, reserved 1048576K
}
Event: 17.319 GC heap after
{Heap after GC invocations=48 (full 0):
 garbage-first heap   total 294912K, used 176652K [0x0000000700000000, 0x0000000800000000)
  region size 2048K, 3 young (6144K), 3 survivors (6144K)
 Metaspace       used 109193K, committed 111680K, reserved 1179648K
  class space    used 15449K, committed 16640K, reserved 1048576K
}
Event: 17.958 GC heap before
{Heap before GC invocations=48 (full 0):
 garbage-first heap   total 294912K, used 268812K [0x0000000700000000, 0x0000000800000000)
  region size 2048K, 48 young (98304K), 3 survivors (6144K)
 Metaspace       used 109465K, committed 112064K, reserved 1179648K
  class space    used 15480K, committed 16704K, reserved 1048576K
}
Event: 17.970 GC heap after
{Heap after GC invocations=49 (full 0):
 garbage-first heap   total 294912K, used 184436K [0x0000000700000000, 0x0000000800000000)
  region size 2048K, 6 young (12288K), 6 survivors (12288K)
 Metaspace       used 109465K, committed 112064K, reserved 1179648K
  class space    used 15480K, committed 16704K, reserved 1048576K
}
Event: 18.732 GC heap before
{Heap before GC invocations=49 (full 0):
 garbage-first heap   total 294912K, used 264308K [0x0000000700000000, 0x0000000800000000)
  region size 2048K, 46 young (94208K), 6 survivors (12288K)
 Metaspace       used 110494K, committed 113088K, reserved 1179648K
  class space    used 15605K, committed 16832K, reserved 1048576K
}
Event: 18.747 GC heap after
{Heap after GC invocations=50 (full 0):
 garbage-first heap   total 589824K, used 196527K [0x0000000700000000, 0x0000000800000000)
  region size 2048K, 6 young (12288K), 6 survivors (12288K)
 Metaspace       used 110494K, committed 113088K, reserved 1179648K
  class space    used 15605K, committed 16832K, reserved 1048576K
}

