# JRE version: OpenJDK Runtime Environment Temurin-21.0.11+10 (21.0.11+10) (build 21.0.11+10-LTS)
# Java VM: OpenJDK 64-Bit Server VM Temurin-21.0.11+10 (21.0.11+10-LTS, mixed mode, sharing, tiered, compressed oops, compressed class ptrs, serial gc, windows-amd64)
GC Precious Log:
 CardTable entry size: 512
 CPUs: 12 total, 12 available
 Memory: 12059M
 Large Page Support: Disabled
 NUMA Support: Disabled
 Compressed Oops: Enabled (32-bit)
 Heap Min Capacity: 8M
 Heap Initial Capacity: 190M
 Heap Max Capacity: 1G
 Pre-touch: Disabled
Heap:
 def new generation   total 123840K, used 20211K [0x00000000c0000000, 0x00000000c8650000, 0x00000000d5550000)
  eden space 110144K,   5% used [0x00000000c0000000, 0x00000000c065ce70, 0x00000000c6b90000)
  from space 13696K, 100% used [0x00000000c78f0000, 0x00000000c8650000, 0x00000000c8650000)
  to   space 13696K,   0% used [0x00000000c6b90000, 0x00000000c6b90000, 0x00000000c78f0000)
 tenured generation   total 273220K, used 243565K [0x00000000d5550000, 0x00000000e6021000, 0x0000000100000000)
   the space 273220K,  89% used [0x00000000d5550000, 0x00000000e432b5c8, 0x00000000e432b600, 0x00000000e6021000)
 Metaspace       used 138905K, committed 141760K, reserved 344064K
  class space    used 19089K, committed 20480K, reserved 212992K
GC Heap History (20 events):
Event: 16.184 GC heap after
{Heap after GC invocations=40 (full 4):
 def new generation   total 73600K, used 7674K [0x00000000c0000000, 0x00000000c4fd0000, 0x00000000d5550000)
  eden space 65472K,   0% used [0x00000000c0000000, 0x00000000c0000000, 0x00000000c3ff0000)
  from space 8128K,  94% used [0x00000000c47e0000, 0x00000000c4f5e988, 0x00000000c4fd0000)
  to   space 8128K,   0% used [0x00000000c3ff0000, 0x00000000c3ff0000, 0x00000000c47e0000)
 tenured generation   total 161956K, used 153006K [0x00000000d5550000, 0x00000000df379000, 0x0000000100000000)
   the space 161956K,  94% used [0x00000000d5550000, 0x00000000deabb8e0, 0x00000000deabba00, 0x00000000df379000)
 Metaspace       used 109477K, committed 112000K, reserved 344064K
  class space    used 15442K, committed 16640K, reserved 212992K
}
Event: 16.307 GC heap before
{Heap before GC invocations=40 (full 4):
 def new generation   total 73600K, used 73146K [0x00000000c0000000, 0x00000000c4fd0000, 0x00000000d5550000)
  eden space 65472K, 100% used [0x00000000c0000000, 0x00000000c3ff0000, 0x00000000c3ff0000)
  from space 8128K,  94% used [0x00000000c47e0000, 0x00000000c4f5e988, 0x00000000c4fd0000)
  to   space 8128K,   0% used [0x00000000c3ff0000, 0x00000000c3ff0000, 0x00000000c47e0000)
 tenured generation   total 161956K, used 153006K [0x00000000d5550000, 0x00000000df379000, 0x0000000100000000)
   the space 161956K,  94% used [0x00000000d5550000, 0x00000000deabb8e0, 0x00000000deabba00, 0x00000000df379000)
 Metaspace       used 109478K, committed 112000K, reserved 344064K
  class space    used 15442K, committed 16640K, reserved 212992K
}
Event: 16.323 GC heap after
{Heap after GC invocations=41 (full 4):
 def new generation   total 73600K, used 3460K [0x00000000c0000000, 0x00000000c4fd0000, 0x00000000d5550000)
  eden space 65472K,   0% used [0x00000000c0000000, 0x00000000c0000000, 0x00000000c3ff0000)
  from space 8128K,  42% used [0x00000000c3ff0000, 0x00000000c43511d0, 0x00000000c47e0000)
  to   space 8128K,   0% used [0x00000000c47e0000, 0x00000000c47e0000, 0x00000000c4fd0000)
 tenured generation   total 161956K, used 158510K [0x00000000d5550000, 0x00000000df379000, 0x0000000100000000)
   the space 161956K,  97% used [0x00000000d5550000, 0x00000000df01bb90, 0x00000000df01bc00, 0x00000000df379000)
 Metaspace       used 109478K, committed 112000K, reserved 344064K
  class space    used 15442K, committed 16640K, reserved 212992K
}
Event: 16.679 GC heap before
{Heap before GC invocations=41 (full 4):
 def new generation   total 73600K, used 68932K [0x00000000c0000000, 0x00000000c4fd0000, 0x00000000d5550000)
  eden space 65472K, 100% used [0x00000000c0000000, 0x00000000c3ff0000, 0x00000000c3ff0000)
  from space 8128K,  42% used [0x00000000c3ff0000, 0x00000000c43511d0, 0x00000000c47e0000)
  to   space 8128K,   0% used [0x00000000c47e0000, 0x00000000c47e0000, 0x00000000c4fd0000)
 tenured generation   total 161956K, used 158510K [0x00000000d5550000, 0x00000000df379000, 0x0000000100000000)
   the space 161956K,  97% used [0x00000000d5550000, 0x00000000df01bb90, 0x00000000df01bc00, 0x00000000df379000)
 Metaspace       used 109745K, committed 112256K, reserved 344064K
  class space    used 15473K, committed 16704K, reserved 212992K
}
Event: 16.698 GC heap after
{Heap after GC invocations=42 (full 4):
 def new generation   total 73600K, used 8128K [0x00000000c0000000, 0x00000000c4fd0000, 0x00000000d5550000)
  eden space 65472K,   0% used [0x00000000c0000000, 0x00000000c0000000, 0x00000000c3ff0000)
  from space 8128K, 100% used [0x00000000c47e0000, 0x00000000c4fd0000, 0x00000000c4fd0000)
  to   space 8128K,   0% used [0x00000000c3ff0000, 0x00000000c3ff0000, 0x00000000c47e0000)
 tenured generation   total 164068K, used 164000K [0x00000000d5550000, 0x00000000df589000, 0x0000000100000000)
   the space 164068K,  99% used [0x00000000d5550000, 0x00000000df5782e8, 0x00000000df578400, 0x00000000df589000)
 Metaspace       used 109745K, committed 112256K, reserved 344064K
  class space    used 15473K, committed 16704K, reserved 212992K
}
Event: 16.698 GC heap before
{Heap before GC invocations=42 (full 4):
 def new generation   total 73600K, used 8128K [0x00000000c0000000, 0x00000000c4fd0000, 0x00000000d5550000)
  eden space 65472K,   0% used [0x00000000c0000000, 0x00000000c0000000, 0x00000000c3ff0000)
  from space 8128K, 100% used [0x00000000c47e0000, 0x00000000c4fd0000, 0x00000000c4fd0000)
  to   space 8128K,   0% used [0x00000000c3ff0000, 0x00000000c3ff0000, 0x00000000c47e0000)
 tenured generation   total 164068K, used 164000K [0x00000000d5550000, 0x00000000df589000, 0x0000000100000000)
   the space 164068K,  99% used [0x00000000d5550000, 0x00000000df5782e8, 0x00000000df578400, 0x00000000df589000)
 Metaspace       used 109745K, committed 112256K, reserved 344064K
  class space    used 15473K, committed 16704K, reserved 212992K
}
Event: 16.951 GC heap after
{Heap after GC invocations=42 (full 5):
 def new generation   total 123840K, used 6805K [0x00000000c0000000, 0x00000000c8650000, 0x00000000d5550000)
  eden space 110144K,   6% used [0x00000000c0000000, 0x00000000c06a56b0, 0x00000000c6b90000)
  from space 13696K,   0% used [0x00000000c6b90000, 0x00000000c6b90000, 0x00000000c78f0000)
  to   space 13696K,   0% used [0x00000000c78f0000, 0x00000000c78f0000, 0x00000000c8650000)
 tenured generation   total 273220K, used 163931K [0x00000000d5550000, 0x00000000e6021000, 0x0000000100000000)
   the space 273220K,  59% used [0x00000000d5550000, 0x00000000df566de8, 0x00000000df566e00, 0x00000000e6021000)
 Metaspace       used 109745K, committed 112256K, reserved 344064K
  class space    used 15473K, committed 16704K, reserved 212992K
}
Event: 17.346 GC heap before
{Heap before GC invocations=42 (full 5):
 def new generation   total 123840K, used 110144K [0x00000000c0000000, 0x00000000c8650000, 0x00000000d5550000)
  eden space 110144K, 100% used [0x00000000c0000000, 0x00000000c6b90000, 0x00000000c6b90000)
  from space 13696K,   0% used [0x00000000c6b90000, 0x00000000c6b90000, 0x00000000c78f0000)
  to   space 13696K,   0% used [0x00000000c78f0000, 0x00000000c78f0000, 0x00000000c8650000)
 tenured generation   total 273220K, used 163931K [0x00000000d5550000, 0x00000000e6021000, 0x0000000100000000)
   the space 273220K,  59% used [0x00000000d5550000, 0x00000000df566de8, 0x00000000df566e00, 0x00000000e6021000)
 Metaspace       used 110000K, committed 112512K, reserved 344064K
  class space    used 15507K, committed 16704K, reserved 212992K
}
Event: 17.441 GC heap after
{Heap after GC invocations=43 (full 5):
 def new generation   total 123840K, used 13695K [0x00000000c0000000, 0x00000000c8650000, 0x00000000d5550000)
  eden space 110144K,   0% used [0x00000000c0000000, 0x00000000c0000000, 0x00000000c6b90000)
  from space 13696K,  99% used [0x00000000c78f0000, 0x00000000c864fff8, 0x00000000c8650000)
  to   space 13696K,   0% used [0x00000000c6b90000, 0x00000000c6b90000, 0x00000000c78f0000)
 tenured generation   total 273220K, used 166141K [0x00000000d5550000, 0x00000000e6021000, 0x0000000100000000)
   the space 273220K,  60% used [0x00000000d5550000, 0x00000000df78f548, 0x00000000df78f600, 0x00000000e6021000)
 Metaspace       used 110000K, committed 112512K, reserved 344064K
  class space    used 15507K, committed 16704K, reserved 212992K
}
Event: 18.298 GC heap before
{Heap before GC invocations=43 (full 5):
 def new generation   total 123840K, used 123839K [0x00000000c0000000, 0x00000000c8650000, 0x00000000d5550000)
  eden space 110144K, 100% used [0x00000000c0000000, 0x00000000c6b90000, 0x00000000c6b90000)
  from space 13696K,  99% used [0x00000000c78f0000, 0x00000000c864fff8, 0x00000000c8650000)
  to   space 13696K,   0% used [0x00000000c6b90000, 0x00000000c6b90000, 0x00000000c78f0000)
 tenured generation   total 273220K, used 166141K [0x00000000d5550000, 0x00000000e6021000, 0x0000000100000000)
   the space 273220K,  60% used [0x00000000d5550000, 0x00000000df78f548, 0x00000000df78f600, 0x00000000e6021000)
 Metaspace       used 115621K, committed 118144K, reserved 344064K
  class space    used 16227K, committed 17408K, reserved 212992K
}
Event: 18.350 GC heap after
{Heap after GC invocations=44 (full 5):
 def new generation   total 123840K, used 11367K [0x00000000c0000000, 0x00000000c8650000, 0x00000000d5550000)
  eden space 110144K,   0% used [0x00000000c0000000, 0x00000000c0000000, 0x00000000c6b90000)
  from space 13696K,  82% used [0x00000000c6b90000, 0x00000000c76a9da0, 0x00000000c78f0000)
  to   space 13696K,   0% used [0x00000000c78f0000, 0x00000000c78f0000, 0x00000000c8650000)
 tenured generation   total 273220K, used 179746K [0x00000000d5550000, 0x00000000e6021000, 0x0000000100000000)
   the space 273220K,  65% used [0x00000000d5550000, 0x00000000e04d8840, 0x00000000e04d8a00, 0x00000000e6021000)
 Metaspace       used 115621K, committed 118144K, reserved 344064K
  class space    used 16227K, committed 17408K, reserved 212992K
}
Event: 19.289 GC heap before
{Heap before GC invocations=44 (full 5):
 def new generation   total 123840K, used 121511K [0x00000000c0000000, 0x00000000c8650000, 0x00000000d5550000)
  eden space 110144K, 100% used [0x00000000c0000000, 0x00000000c6b90000, 0x00000000c6b90000)
  from space 13696K,  82% used [0x00000000c6b90000, 0x00000000c76a9da0, 0x00000000c78f0000)
  to   space 13696K,   0% used [0x00000000c78f0000, 0x00000000c78f0000, 0x00000000c8650000)
 tenured generation   total 273220K, used 179746K [0x00000000d5550000, 0x00000000e6021000, 0x0000000100000000)
   the space 273220K,  65% used [0x00000000d5550000, 0x00000000e04d8840, 0x00000000e04d8a00, 0x00000000e6021000)
 Metaspace       used 121038K, committed 123648K, reserved 344064K
  class space    used 16939K, committed 18176K, reserved 212992K
}
Event: 19.348 GC heap after
{Heap after GC invocations=45 (full 5):
 def new generation   total 123840K, used 10829K [0x00000000c0000000, 0x00000000c8650000, 0x00000000d5550000)
  eden space 110144K,   0% used [0x00000000c0000000, 0x00000000c0000000, 0x00000000c6b90000)
  from space 13696K,  79% used [0x00000000c78f0000, 0x00000000c8383630, 0x00000000c8650000)
  to   space 13696K,   0% used [0x00000000c6b90000, 0x00000000c6b90000, 0x00000000c78f0000)
 tenured generation   total 273220K, used 191039K [0x00000000d5550000, 0x00000000e6021000, 0x0000000100000000)
   the space 273220K,  69% used [0x00000000d5550000, 0x00000000e0fdff28, 0x00000000e0fe0000, 0x00000000e6021000)
 Metaspace       used 121038K, committed 123648K, reserved 344064K
  class space    used 16939K, committed 18176K, reserved 212992K
}
Event: 19.869 GC heap before
{Heap before GC invocations=45 (full 5):
 def new generation   total 123840K, used 120973K [0x00000000c0000000, 0x00000000c8650000, 0x00000000d5550000)
  eden space 110144K,  99% used [0x00000000c0000000, 0x00000000c6b8fff8, 0x00000000c6b90000)
  from space 13696K,  79% used [0x00000000c78f0000, 0x00000000c8383630, 0x00000000c8650000)
  to   space 13696K,   0% used [0x00000000c6b90000, 0x00000000c6b90000, 0x00000000c78f0000)
 tenured generation   total 273220K, used 191039K [0x00000000d5550000, 0x00000000e6021000, 0x0000000100000000)
   the space 273220K,  69% used [0x00000000d5550000, 0x00000000e0fdff28, 0x00000000e0fe0000, 0x00000000e6021000)
 Metaspace       used 124019K, committed 126656K, reserved 344064K
  class space    used 17235K, committed 18496K, reserved 212992K
}
Event: 19.923 GC heap after
{Heap after GC invocations=46 (full 5):
 def new generation   total 123840K, used 8958K [0x00000000c0000000, 0x00000000c8650000, 0x00000000d5550000)
  eden space 110144K,   0% used [0x00000000c0000000, 0x00000000c0000000, 0x00000000c6b90000)
  from space 13696K,  65% used [0x00000000c6b90000, 0x00000000c744fbe0, 0x00000000c78f0000)
  to   space 13696K,   0% used [0x00000000c78f0000, 0x00000000c78f0000, 0x00000000c8650000)
 tenured generation   total 273220K, used 201747K [0x00000000d5550000, 0x00000000e6021000, 0x0000000100000000)
   the space 273220K,  73% used [0x00000000d5550000, 0x00000000e1a54f10, 0x00000000e1a55000, 0x00000000e6021000)
 Metaspace       used 124019K, committed 126656K, reserved 344064K
  class space    used 17235K, committed 18496K, reserved 212992K
}
Event: 20.433 GC heap before
{Heap before GC invocations=46 (full 5):
 def new generation   total 123840K, used 118387K [0x00000000c0000000, 0x00000000c8650000, 0x00000000d5550000)
  eden space 110144K,  99% used [0x00000000c0000000, 0x00000000c6add398, 0x00000000c6b90000)
  from space 13696K,  65% used [0x00000000c6b90000, 0x00000000c744fbe0, 0x00000000c78f0000)
  to   space 13696K,   0% used [0x00000000c78f0000, 0x00000000c78f0000, 0x00000000c8650000)
 tenured generation   total 273220K, used 201747K [0x00000000d5550000, 0x00000000e6021000, 0x0000000100000000)
   the space 273220K,  73% used [0x00000000d5550000, 0x00000000e1a54f10, 0x00000000e1a55000, 0x00000000e6021000)
 Metaspace       used 128026K, committed 130752K, reserved 344064K
  class space    used 17804K, committed 19136K, reserved 212992K
}
Event: 20.474 GC heap after
{Heap after GC invocations=47 (full 5):
 def new generation   total 123840K, used 7113K [0x00000000c0000000, 0x00000000c8650000, 0x00000000d5550000)
  eden space 110144K,   0% used [0x00000000c0000000, 0x00000000c0000000, 0x00000000c6b90000)
  from space 13696K,  51% used [0x00000000c78f0000, 0x00000000c7fe2510, 0x00000000c8650000)
  to   space 13696K,   0% used [0x00000000c6b90000, 0x00000000c6b90000, 0x00000000c78f0000)
 tenured generation   total 273220K, used 208829K [0x00000000d5550000, 0x00000000e6021000, 0x0000000100000000)
   the space 273220K,  76% used [0x00000000d5550000, 0x00000000e213f4d8, 0x00000000e213f600, 0x00000000e6021000)
 Metaspace       used 128026K, committed 130752K, reserved 344064K
  class space    used 17804K, committed 19136K, reserved 212992K
}
Event: 21.256 GC heap before
{Heap before GC invocations=47 (full 5):
 def new generation   total 123840K, used 117257K [0x00000000c0000000, 0x00000000c8650000, 0x00000000d5550000)
  eden space 110144K, 100% used [0x00000000c0000000, 0x00000000c6b90000, 0x00000000c6b90000)
  from space 13696K,  51% used [0x00000000c78f0000, 0x00000000c7fe2510, 0x00000000c8650000)
  to   space 13696K,   0% used [0x00000000c6b90000, 0x00000000c6b90000, 0x00000000c78f0000)
 tenured generation   total 273220K, used 208829K [0x00000000d5550000, 0x00000000e6021000, 0x0000000100000000)
   the space 273220K,  76% used [0x00000000d5550000, 0x00000000e213f4d8, 0x00000000e213f600, 0x00000000e6021000)
 Metaspace       used 136312K, committed 139200K, reserved 344064K
  class space    used 18841K, committed 20224K, reserved 212992K
}
Event: 21.329 GC heap after
{Heap after GC invocations=48 (full 5):
 def new generation   total 123840K, used 13696K [0x00000000c0000000, 0x00000000c8650000, 0x00000000d5550000)
  eden space 110144K,   0% used [0x00000000c0000000, 0x00000000c0000000, 0x00000000c6b90000)
  from space 13696K, 100% used [0x00000000c6b90000, 0x00000000c78f0000, 0x00000000c78f0000)
  to   space 13696K,   0% used [0x00000000c78f0000, 0x00000000c78f0000, 0x00000000c8650000)
 tenured generation   total 273220K, used 221936K [0x00000000d5550000, 0x00000000e6021000, 0x0000000100000000)
   the space 273220K,  81% used [0x00000000d5550000, 0x00000000e2e0c300, 0x00000000e2e0c400, 0x00000000e6021000)
 Metaspace       used 136312K, committed 139200K, reserved 344064K
  class space    used 18841K, committed 20224K, reserved 212992K
}
Event: 22.055 GC heap before
{Heap before GC invocations=48 (full 5):
 def new generation   total 123840K, used 123840K [0x00000000c0000000, 0x00000000c8650000, 0x00000000d5550000)
  eden space 110144K, 100% used [0x00000000c0000000, 0x00000000c6b90000, 0x00000000c6b90000)
  from space 13696K, 100% used [0x00000000c6b90000, 0x00000000c78f0000, 0x00000000c78f0000)
  to   space 13696K,   0% used [0x00000000c78f0000, 0x00000000c78f0000, 0x00000000c8650000)
 tenured generation   total 273220K, used 221936K [0x00000000d5550000, 0x00000000e6021000, 0x0000000100000000)
   the space 273220K,  81% used [0x00000000d5550000, 0x00000000e2e0c300, 0x00000000e2e0c400, 0x00000000e6021000)
 Metaspace       used 138785K, committed 141632K, reserved 344064K
  class space    used 19079K, committed 20480K, reserved 212992K
}

